This is pdfTeX, Version 3.14159265-2.6-1.40.17 (MiKTeX 2.9.6210 64-bit) (preloaded format=pdflatex 2017.2.16)  18 NOV 2017 15:06
entering extended mode
**./Compte_rendu_Localisation.tex
(Compte_rendu_Localisation.tex
LaTeX2e <2017/01/01> patch level 1
Babel <3.9r> and hyphenation patterns for 75 language(s) loaded.
("C:\Program Files\MiKTeX 2.9\tex\latex\base\article.cls"
Document Class: article 2014/09/29 v1.4h Standard LaTeX document class
("C:\Program Files\MiKTeX 2.9\tex\latex\base\size10.clo"
File: size10.clo 2014/09/29 v1.4h Standard LaTeX file (size option)
)
\c@part=\count79
\c@section=\count80
\c@subsection=\count81
\c@subsubsection=\count82
\c@paragraph=\count83
\c@subparagraph=\count84
\c@figure=\count85
\c@table=\count86
\abovecaptionskip=\skip41
\belowcaptionskip=\skip42
\bibindent=\dimen102
) ("C:\Program Files\MiKTeX 2.9\tex\latex\amsmath\amsmath.sty"
Package: amsmath 2016/11/05 v2.16a AMS math features
\@mathmargin=\skip43

For additional information on amsmath, use the `?' option.
("C:\Program Files\MiKTeX 2.9\tex\latex\amsmath\amstext.sty"
Package: amstext 2000/06/29 v2.01 AMS text
 ("C:\Program Files\MiKTeX 2.9\tex\latex\amsmath\amsgen.sty"
File: amsgen.sty 1999/11/30 v2.0 generic functions
\@emptytoks=\toks14
\ex@=\dimen103
)) ("C:\Program Files\MiKTeX 2.9\tex\latex\amsmath\amsbsy.sty"
Package: amsbsy 1999/11/29 v1.2d Bold Symbols
\pmbraise@=\dimen104
)
("C:\Program Files\MiKTeX 2.9\tex\latex\amsmath\amsopn.sty"
Package: amsopn 2016/03/08 v2.02 operator names
)
\inf@bad=\count87
LaTeX Info: Redefining \frac on input line 213.
\uproot@=\count88
\leftroot@=\count89
LaTeX Info: Redefining \overline on input line 375.
\classnum@=\count90
\DOTSCASE@=\count91
LaTeX Info: Redefining \ldots on input line 472.
LaTeX Info: Redefining \dots on input line 475.
LaTeX Info: Redefining \cdots on input line 596.
\Mathstrutbox@=\box26
\strutbox@=\box27
\big@size=\dimen105
LaTeX Font Info:    Redeclaring font encoding OML on input line 712.
LaTeX Font Info:    Redeclaring font encoding OMS on input line 713.
\macc@depth=\count92
\c@MaxMatrixCols=\count93
\dotsspace@=\muskip10
\c@parentequation=\count94
\dspbrk@lvl=\count95
\tag@help=\toks15
\row@=\count96
\column@=\count97
\maxfields@=\count98
\andhelp@=\toks16
\eqnshift@=\dimen106
\alignsep@=\dimen107
\tagshift@=\dimen108
\tagwidth@=\dimen109
\totwidth@=\dimen110
\lineht@=\dimen111
\@envbody=\toks17
\multlinegap=\skip44
\multlinetaggap=\skip45
\mathdisplay@stack=\toks18
LaTeX Info: Redefining \[ on input line 2817.
LaTeX Info: Redefining \] on input line 2818.
)
("C:\Program Files\MiKTeX 2.9\tex\latex\amsfonts\amssymb.sty"
Package: amssymb 2013/01/14 v3.01 AMS font symbols

("C:\Program Files\MiKTeX 2.9\tex\latex\amsfonts\amsfonts.sty"
Package: amsfonts 2013/01/14 v3.01 Basic AMSFonts support
\symAMSa=\mathgroup4
\symAMSb=\mathgroup5
LaTeX Font Info:    Overwriting math alphabet `\mathfrak' in version `bold'
(Font)                  U/euf/m/n --> U/euf/b/n on input line 106.
))
("C:\Program Files\MiKTeX 2.9\tex\latex\graphics\graphicx.sty"
Package: graphicx 2014/10/28 v1.0g Enhanced LaTeX Graphics (DPC,SPQR)

("C:\Program Files\MiKTeX 2.9\tex\latex\graphics\keyval.sty"
Package: keyval 2014/10/28 v1.15 key=value parser (DPC)
\KV@toks@=\toks19
)
("C:\Program Files\MiKTeX 2.9\tex\latex\graphics\graphics.sty"
Package: graphics 2016/10/09 v1.0u Standard LaTeX Graphics (DPC,SPQR)
 ("C:\Program Files\MiKTeX 2.9\tex\latex\graphics\trig.sty"
Package: trig 2016/01/03 v1.10 sin cos tan (DPC)
) ("C:\Program Files\MiKTeX 2.9\tex\latex\graphics-cfg\graphics.cfg"
File: graphics.cfg 2016/06/04 v1.11 sample graphics configuration
)
Package graphics Info: Driver file: pdftex.def on input line 99.

("C:\Program Files\MiKTeX 2.9\tex\latex\graphics-def\pdftex.def"
File: pdftex.def 2017/01/12 v0.06k Graphics/color for pdfTeX

("C:\Program Files\MiKTeX 2.9\tex\generic\oberdiek\infwarerr.sty"
Package: infwarerr 2016/05/16 v1.4 Providing info/warning/error messages (HO)
)
("C:\Program Files\MiKTeX 2.9\tex\generic\oberdiek\ltxcmds.sty"
Package: ltxcmds 2016/05/16 v1.23 LaTeX kernel commands for general use (HO)
)
\Gread@gobject=\count99
))
\Gin@req@height=\dimen112
\Gin@req@width=\dimen113
) (Compte_rendu_Localisation.aux)
\openout1 = `Compte_rendu_Localisation.aux'.

LaTeX Font Info:    Checking defaults for OML/cmm/m/it on input line 7.
LaTeX Font Info:    ... okay on input line 7.
LaTeX Font Info:    Checking defaults for T1/cmr/m/n on input line 7.
LaTeX Font Info:    ... okay on input line 7.
LaTeX Font Info:    Checking defaults for OT1/cmr/m/n on input line 7.
LaTeX Font Info:    ... okay on input line 7.
LaTeX Font Info:    Checking defaults for OMS/cmsy/m/n on input line 7.
LaTeX Font Info:    ... okay on input line 7.
LaTeX Font Info:    Checking defaults for OMX/cmex/m/n on input line 7.
LaTeX Font Info:    ... okay on input line 7.
LaTeX Font Info:    Checking defaults for U/cmr/m/n on input line 7.
LaTeX Font Info:    ... okay on input line 7.

("C:\Program Files\MiKTeX 2.9\tex\context\base\supp-pdf.mkii"
[Loading MPS to PDF converter (version 2006.09.02).]
\scratchcounter=\count100
\scratchdimen=\dimen114
\scratchbox=\box28
\nofMPsegments=\count101
\nofMParguments=\count102
\everyMPshowfont=\toks20
\MPscratchCnt=\count103
\MPscratchDim=\dimen115
\MPnumerator=\count104
\makeMPintoPDFobject=\count105
\everyMPtoPDFconversion=\toks21
) ("C:\Program Files\MiKTeX 2.9\tex\generic\oberdiek\pdftexcmds.sty"
Package: pdftexcmds 2016/05/21 v0.22 Utility functions of pdfTeX for LuaTeX (HO)

("C:\Program Files\MiKTeX 2.9\tex\generic\oberdiek\ifluatex.sty"
Package: ifluatex 2016/05/16 v1.4 Provides the ifluatex switch (HO)
Package ifluatex Info: LuaTeX not detected.
)
("C:\Program Files\MiKTeX 2.9\tex\generic\oberdiek\ifpdf.sty"
Package: ifpdf 2016/05/14 v3.1 Provides the ifpdf switch
)
Package pdftexcmds Info: LuaTeX not detected.
Package pdftexcmds Info: \pdf@primitive is available.
Package pdftexcmds Info: \pdf@ifprimitive is available.
Package pdftexcmds Info: \pdfdraftmode found.
)
("C:\Program Files\MiKTeX 2.9\tex\latex\oberdiek\epstopdf-base.sty"
Package: epstopdf-base 2016/05/15 v2.6 Base part for package epstopdf

("C:\Program Files\MiKTeX 2.9\tex\latex\oberdiek\grfext.sty"
Package: grfext 2016/05/16 v1.2 Manage graphics extensions (HO)

("C:\Program Files\MiKTeX 2.9\tex\generic\oberdiek\kvdefinekeys.sty"
Package: kvdefinekeys 2016/05/16 v1.4 Define keys (HO)
))
("C:\Program Files\MiKTeX 2.9\tex\latex\oberdiek\kvoptions.sty"
Package: kvoptions 2016/05/16 v3.12 Key value format for package options (HO)

("C:\Program Files\MiKTeX 2.9\tex\generic\oberdiek\kvsetkeys.sty"
Package: kvsetkeys 2016/05/16 v1.17 Key value parser (HO)

("C:\Program Files\MiKTeX 2.9\tex\generic\oberdiek\etexcmds.sty"
Package: etexcmds 2016/05/16 v1.6 Avoid name clashes with e-TeX commands (HO)
Package etexcmds Info: Could not find \expanded.
(etexcmds)             That can mean that you are not using pdfTeX 1.50 or
(etexcmds)             that some package has redefined \expanded.
(etexcmds)             In the latter case, load this package earlier.
)))
Package epstopdf-base Info: Redefining graphics rule for `.eps' on input line 438.
Package grfext Info: Graphics extension search list:
(grfext)             [.png,.pdf,.jpg,.mps,.jpeg,.jbig2,.jb2,.PNG,.PDF,.JPG,.JPEG,.JBIG2,.JB2,.eps]
(grfext)             \AppendGraphicsExtensions on input line 456.
)
LaTeX Font Info:    Try loading font information for U+msa on input line 8.

("C:\Program Files\MiKTeX 2.9\tex\latex\amsfonts\umsa.fd"
File: umsa.fd 2013/01/14 v3.01 AMS symbols A
)
LaTeX Font Info:    Try loading font information for U+msb on input line 8.
 ("C:\Program Files\MiKTeX 2.9\tex\latex\amsfonts\umsb.fd"
File: umsb.fd 2013/01/14 v3.01 AMS symbols B
)
Overfull \hbox (4.58627pt too wide) in paragraph at lines 22--39
\OT1/cmr/m/n/10 avec $ = 2 []$ $\OML/cmm/m/it/10 b \OT1/cmr/m/n/10 = []$ $\OML/cmm/m/it/10  \OT1/cmr/m/n/10 = []$
 []

[1

{C:/ProgramData/MiKTeX/2.9/pdftex/config/pdftex.map}] <ancre_M5T100.png, id=14, 421.575pt x 316.18124pt>
File: ancre_M5T100.png Graphic file (type png)

<use ancre_M5T100.png>
Package pdftex.def Info: ancre_M5T100.png used on input line 54.
(pdftex.def)             Requested size: 168.627pt x 126.47025pt.
 <ancre_M5T10.png, id=15, 421.575pt x 316.18124pt>
File: ancre_M5T10.png Graphic file (type png)
 <use ancre_M5T10.png>
Package pdftex.def Info: ancre_M5T10.png used on input line 54.
(pdftex.def)             Requested size: 168.627pt x 126.47025pt.

<ancre_M10T10.png, id=16, 421.575pt x 316.18124pt>
File: ancre_M10T10.png Graphic file (type png)
 <use ancre_M10T10.png>
Package pdftex.def Info: ancre_M10T10.png used on input line 54.
(pdftex.def)             Requested size: 168.627pt x 126.47025pt.

Underfull \hbox (badness 1852) in paragraph at lines 54--55
[][] []
 []


Overfull \hbox (3.00056pt too wide) in paragraph at lines 52--58
\OT1/cmr/m/n/10 On re-mar-que quand on a plus d'ancres ou plus de mesures par an-cres, l'estimation
 []

<grad_gamma0002.png, id=17, 421.575pt x 316.18124pt>
File: grad_gamma0002.png Graphic file (type png)
 <use grad_gamma0002.png>
Package pdftex.def Info: grad_gamma0002.png used on input line 64.
(pdftex.def)             Requested size: 147.55345pt x 110.66508pt.

<grad_err_gamma0002.png, id=18, 421.575pt x 316.18124pt>
File: grad_err_gamma0002.png Graphic file (type png)
 <use grad_err_gamma0002.png>
Package pdftex.def Info: grad_err_gamma0002.png used on input line 64.
(pdftex.def)             Requested size: 147.55345pt x 110.66508pt.

<grad_gamma001.png, id=19, 421.575pt x 316.18124pt>
File: grad_gamma001.png Graphic file (type png)
 <use grad_gamma001.png>
Package pdftex.def Info: grad_gamma001.png used on input line 68.
(pdftex.def)             Requested size: 147.55345pt x 110.66508pt.

<grad_err_gamma001.png, id=20, 421.575pt x 316.18124pt>
File: grad_err_gamma001.png Graphic file (type png)
 <use grad_err_gamma001.png>
Package pdftex.def Info: grad_err_gamma001.png used on input line 68.
(pdftex.def)             Requested size: 147.55345pt x 110.66508pt.

<grad_gamma01.png, id=21, 421.575pt x 316.18124pt>
File: grad_gamma01.png Graphic file (type png)
 <use grad_gamma01.png>
Package pdftex.def Info: grad_gamma01.png used on input line 72.
(pdftex.def)             Requested size: 147.55345pt x 110.66508pt.

<grad_err_gamma01.png, id=22, 421.575pt x 316.18124pt>
File: grad_err_gamma01.png Graphic file (type png)
 <use grad_err_gamma01.png>
Package pdftex.def Info: grad_err_gamma01.png used on input line 72.
(pdftex.def)             Requested size: 147.55345pt x 110.66508pt.

Underfull \hbox (badness 10000) in paragraph at lines 61--77

 []

[2 <./ancre_M5T100.png (PNG copy)> <./ancre_M5T10.png (PNG copy)> <./ancre_M10T10.png (PNG copy)>] [3 <./grad_gamma0002.
png (PNG copy)> <./grad_err_gamma0002.png (PNG copy)> <./grad_gamma001.png (PNG copy)> <./grad_err_gamma001.png (PNG cop
y)> <./grad_gamma01.png (PNG copy)> <./grad_err_gamma01.png (PNG copy)>]
<LMS_gamma0005.png, id=32, 421.575pt x 316.18124pt>
File: LMS_gamma0005.png Graphic file (type png)
 <use LMS_gamma0005.png>
Package pdftex.def Info: LMS_gamma0005.png used on input line 95.
(pdftex.def)             Requested size: 105.39348pt x 79.0451pt.

<LMS_gamma005.png, id=33, 421.575pt x 316.18124pt>
File: LMS_gamma005.png Graphic file (type png)
 <use LMS_gamma005.png>
Package pdftex.def Info: LMS_gamma005.png used on input line 95.
(pdftex.def)             Requested size: 105.39348pt x 79.0451pt.

<LMS_gamma01.png, id=34, 421.575pt x 316.18124pt>
File: LMS_gamma01.png Graphic file (type png)
 <use LMS_gamma01.png>
Package pdftex.def Info: LMS_gamma01.png used on input line 95.
(pdftex.def)             Requested size: 105.39348pt x 79.0451pt.

<LMS_sigma001.png, id=35, 421.575pt x 316.18124pt>
File: LMS_sigma001.png Graphic file (type png)
 <use LMS_sigma001.png>
Package pdftex.def Info: LMS_sigma001.png used on input line 102.
(pdftex.def)             Requested size: 168.627pt x 126.47025pt.
File: LMS_gamma01.png Graphic file (type png)
 <use LMS_gamma01.png>
Package pdftex.def Info: LMS_gamma01.png used on input line 102.
(pdftex.def)             Requested size: 168.627pt x 126.47025pt.
 [4 <./LMS_gamma0005.png (PNG copy)> <./LMS_gamma005.png (PNG copy)> <./LMS_gamma01.png (PNG copy)>]
<sans_ancres1.png, id=40, 421.575pt x 316.18124pt>
File: sans_ancres1.png Graphic file (type png)
 <use sans_ancres1.png>
Package pdftex.def Info: sans_ancres1.png used on input line 110.
(pdftex.def)             Requested size: 210.78697pt x 158.09023pt.
 [5 <./LMS_sigma001.png (PNG copy)> <./sans_ancres1.png (PNG copy)>] <sans_ancres2.png, id=44, 421.575pt x 316.18124pt>
File: sans_ancres2.png Graphic file (type png)
 <use sans_ancres2.png>
Package pdftex.def Info: sans_ancres2.png used on input line 130.
(pdftex.def)             Requested size: 210.78697pt x 158.09023pt.

<oja.png, id=45, 421.575pt x 316.18124pt>
File: oja.png Graphic file (type png)
 <use oja.png>
Package pdftex.def Info: oja.png used on input line 138.
(pdftex.def)             Requested size: 210.78697pt x 158.09023pt.
 <sans_ancres_oja.png, id=46, 421.575pt x 316.18124pt>
File: sans_ancres_oja.png Graphic file (type png)

<use sans_ancres_oja.png>
Package pdftex.def Info: sans_ancres_oja.png used on input line 144.
(pdftex.def)             Requested size: 168.627pt x 126.47025pt.
 <sans_ancres_oja2.png, id=47, 421.575pt x 316.18124pt>
File: sans_ancres_oja2.png Graphic file (type png)
 <use sans_ancres_oja2.png>
Package pdftex.def Info: sans_ancres_oja2.png used on input line 144.
(pdftex.def)             Requested size: 168.627pt x 126.47025pt.
 [6 <./sans_ancres2.png (PNG copy)> <./oja.png (PNG copy)>] [7 <./sans_ancres_oja.png (PNG copy)> <./sans_ancres_oja2.pn
g (PNG copy)>] (Compte_rendu_Localisation.aux) ) 
Here is how much of TeX's memory you used:
 2487 strings out of 493333
 33179 string characters out of 3139194
 97355 words of memory out of 3000000
 5973 multiletter control sequences out of 15000+200000
 11196 words of font info for 44 fonts, out of 3000000 for 9000
 1141 hyphenation exceptions out of 8191
 39i,10n,26p,684b,221s stack positions out of 5000i,500n,10000p,200000b,50000s
<C:/Program Files/MiKTeX 2.9/fonts/type1/public/amsfonts/cm/cmbx12.pfb><
C:/Program Files/MiKTeX 2.9/fonts/type1/public/amsfonts/cm/cmex10.pfb><C:/Program Files/MiKTeX 2.9/fonts/type1/public/am
sfonts/cmextra/cmex7.pfb><C:/Program Files/MiKTeX 2.9/fonts/type1/public/amsfonts/cm/cmmi10.pfb><C:/Program Files/MiKTeX
 2.9/fonts/type1/public/amsfonts/cm/cmmi7.pfb><C:/Program Files/MiKTeX 2.9/fonts/type1/public/amsfonts/cm/cmr10.pfb><C:/
Program Files/MiKTeX 2.9/fonts/type1/public/amsfonts/cm/cmr12.pfb><C:/Program Files/MiKTeX 2.9/fonts/type1/public/amsfon
ts/cm/cmr17.pfb><C:/Program Files/MiKTeX 2.9/fonts/type1/public/amsfonts/cm/cmr5.pfb><C:/Program Files/MiKTeX 2.9/fonts/
type1/public/amsfonts/cm/cmr7.pfb><C:/Program Files/MiKTeX 2.9/fonts/type1/public/amsfonts/cm/cmsy10.pfb><C:/Program Fil
es/MiKTeX 2.9/fonts/type1/public/amsfonts/cm/cmsy7.pfb><C:/Program Files/MiKTeX 2.9/fonts/type1/public/amsfonts/symbols/
msbm10.pfb>
Output written on Compte_rendu_Localisation.pdf (7 pages, 457936 bytes).
PDF statistics:
 96 PDF objects out of 1000 (max. 8388607)
 0 named destinations out of 1000 (max. 500000)
 91 words of extra memory for PDF output out of 10000 (max. 10000000)

